a4682a707eaa0959751b     631978 AlterAeon.xml
58ba3da139620fa14e46      17408 audio.dll
9ac13f9bc5564fd8a1ea     111772 bass.dll
ce13e6e46c2fbe965ddb     322560 demonmush_update.exe
82d427c6228046422e2e     322560 demonmush_update_beta.exe
1da42b0ad23313ec64d7      24576 dentinmud.org_3000_bookmarks.db
1ee42da7ef4067ba243d      60960 Dina.fon
9bbf8a52f08e9ee0b0d2     148216 dolapi32.dll
1878934327887371a05d       5297 Example_filters.lua
6a216314fc665105b584      34391 fonts/banner.flf
239385794ab6def46a40      28588 fonts/big.flf
95dfb688d5c5419da82c      26129 fonts/block.flf
866aac2896767c0e0cd5      21556 fonts/bubble.flf
2d35b624f89721553536      16425 fonts/digital.flf
42b1c03b0a6b00add3ff      30287 fonts/lean.flf
b8346d0b7b4350fc5734      10001 fonts/mini.flf
d849d3c46d6af833fb72      16864 fonts/script.flf
185692c746d241c1cfba      14462 fonts/shadow.flf
0da90403b115e4265807      16815 fonts/slant.flf
37f5812437d17d249bdc      13332 fonts/small.flf
9bfc87722314d13654cd      12371 fonts/smscript.flf
31fa4aaa9deeba2e4ba8      11731 fonts/smshadow.flf
50f83619145887eda178      13323 fonts/smslant.flf
5cb594720bef3978baf2      30562 fonts/standard.flf
d455b6cdc9d6047e7503      10297 fonts/term.flf
1ebb8ebdeb557519ae16    1552384 help.db
3ddf9be5c28fe27dad14      11560 licenses/Apache2License.txt
9f2e250993c6206fac64      18326 licenses/gpl.txt
cfea754ba105cc1a86bf       3474 licenses/infozipLicense.txt
6f43ce105da7fdd6d469       1375 licenses/JSON License.txt
7035a1f26513b30f56bf       1800 licenses/license.txt
f56fd32085aa0e0c81f6       1072 licenses/LPeg_license.txt
f74090084c79dc182990       2025 licenses/lsqlite3_license.txt
9372c1f22a4b6e2564b8       1092 licenses/Lua Colors LICENSE.txt
8a729bab9e5ee5d81c8e       1391 licenses/LuaCOM_license.txt
b7753c7bd399699b46ab       5876 licenses/LuaJSON.txt
09c57b46bbca2eb3ddc3       1165 licenses/LuaSec_License.txt
a04fca91601773b569a1       1104 licenses/LuaSocket_license.txt
7585a0e0d588d25e5899       1120 licenses/lua_license.txt
a754381ba80dd4361141       9610 licenses/mersenne_twister.txt
075d982acae26afdbdbc       3191 licenses/PCRE_license.txt
b72503e043489fe3836e      91136 llthreads2.dll
73dc835645f1172936da       2396 locale/count_locale_usage.lua
69974d9e526329cea889       1478 locale/detect_locale_changes.lua
146c22aad06c009facd4    1470464 locale/en.dll
974061367000a765fa20     479232 locale/en_small.dll
e045e5acf6bb8481c9cf       3513 locale/locale_notes.txt
04f943b189c40b517002     146567 locale/Localize_template.lua
10dcedc7d3973b9bcca7        227 logs/script_error_log.txt
fbd4641d273393964b07      57760 lua/aardmapper.lua
ba368a74ecbd09891c90      17458 lua/aardwolf_colors.lua
50ffa11020175ff5467d       3322 lua/aard_lua_extras.lua
e7384be41b924ee2104c      11931 lua/aard_lua_ffi.lua
68a665609725bfb20df5        150 lua/aard_register_z_on_create.lua
9d8fccfd47766cb5b793       1980 lua/aard_requirements.lua
41fbc03fba3c6147bc59       4203 lua/addxml.lua
57a9fa12be6c8820f22f       2222 lua/alphanum.lua
1658ee60d802d29ce707       9697 lua/altercolors.lua
eeae9c70b70aae962215      79039 lua/altermapper.lua
85d7b65c9fc9fbd0751c      17552 lua/alter_colors.lua
9e3967c4f24422df919e       6233 lua/async.lua
25ad5278647a0928274d        784 lua/check.lua
e715cf48694efc8add3b       3139 lua/checkplugin.lua
8354ed75076645e01adc       9697 lua/colors.lua
162611a5f1f8908cbf62       5326 lua/commas.lua
9af116ac0710dcfba046       2062 lua/copytable.lua
626190a257e44ebd2b26       1089 lua/declare.lua
c7cccf3ca5a93249e857       7249 lua/gauge.lua
7cfe7cf0abd25fdebb2f        923 lua/getlines.lua
cdc8ad19738e3f136607       1576 lua/getstyle.lua
d786acec6569faf092ba       3052 lua/getworld.lua
159a0396069f16c1eeab        357 lua/gitsha.lua
4c8c7fb5a1552500c604       4604 lua/gmcphelper.lua
326b9b9623acd1df5155      77037 lua/InfoBox.lua
a13d267df1cbdd13794a        539 lua/json.lua
ce528fae28a4a912ecd2       4406 lua/json/decode.lua
f09f10f5e0996416fc59       1725 lua/json/decode/array.lua
5fc8b9cec0e1a454819f       3359 lua/json/decode/calls.lua
8cab076ce18b1384e460       4653 lua/json/decode/composite.lua
154410932dafd0edf478       2494 lua/json/decode/number.lua
5b02d5666680cd192fab       2770 lua/json/decode/object.lua
e0ce1d1b73208ef29d37       1662 lua/json/decode/others.lua
2a7a7f2a42aa4af7327b       4477 lua/json/decode/state.lua
a8297dcd83c1e0594b76       3840 lua/json/decode/strings.lua
869c332f561dd44ca239       3576 lua/json/decode/util.lua
3fc66bebc21358afe2ab       4538 lua/json/encode.lua
3e2afc5fdea812393d8f       2880 lua/json/encode/array.lua
f7301e7813e178d5b9dd       1703 lua/json/encode/calls.lua
63f00cb931f480478acc       1290 lua/json/encode/number.lua
8bcc88f4340161737f14       1913 lua/json/encode/object.lua
7ee77de8be26e09ca3ae       1643 lua/json/encode/others.lua
b60a242a8d457f50fdf0       2495 lua/json/encode/output.lua
aaf943a507a53d908890       1837 lua/json/encode/output_utility.lua
8f20ef81f8765c933ff0       2616 lua/json/encode/strings.lua
39903455f52d87cd0a1a       3671 lua/json/util.lua
3bf0000f86d25da94089       8331 lua/ltn12.lua
1a72c2fa19b30aad8a03      25036 lua/luacom5.lua
3567361abf1e9c1807ed      56298 lua/mapper.lua
a548fc214ac1e935afa6       2487 lua/mime.lua
a25b6410c9be1a61ff92      14580 lua/movewindow.lua
c880ea09a6aae0e080e6      16389 lua/mw.lua
08308991bff795af433f       2135 lua/mw_themes/Aardgear.lua
5cbafd0abdb0f2deacca       1381 lua/mw_themes/Charcoal.lua
6ff817e1dc7f49cdc585       1438 lua/mw_themes/Darker Charcoal.lua
0423b2faa08ef91cf5b8       2160 lua/mw_themes/Deep_Magenta.lua
a3c9aa992ffe2d530325       2121 lua/mw_themes/Deep_Red.lua
b3a2848f58484bb35c08       1095 lua/mw_themes/Green_Goblin.lua
ccb4003b7807e8694a89       2186 lua/mw_themes/Green_Neon.lua
82ca55fe883c57172f94       2184 lua/mw_themes/Midnight.lua
c0fb9de8b9d36b5093e7       2186 lua/mw_themes/Pink_Neon.lua
5c36a22abbc8954525e4       1467 lua/mw_themes/Purple Pony.lua
e055bea488da5103082d       1099 lua/mw_themes/Silver.lua
970e9e7c1633a515f9b0      17700 lua/mw_theme_base.lua
cec643c3b191e1179cbc       4592 lua/online_translation.lua
86b8e469921f4cf9b637       1077 lua/pairsbykeys.lua
6a04b2bdad7365dc78f9       5993 lua/ppi.lua
72d40821583c91b75ded       6545 lua/re.lua
413168bd13aab5f08ab9       5373 lua/sandbox.lua
b62c50076a1221bedffb      10016 lua/sapi_interface.lua
65b556785c9bda1f60ef       9694 lua/scrollbar.lua
c26f336ebb438771e5db       7990 lua/serialize.lua
cab618e66cb11b42d636       6590 lua/sha1.lua
ae8cb80d1eaf3f1855e7       6292 lua/sha2.lua
f92cfb6b1669fbb01dcf        546 lua/show_loaded.lua
4aafe0e7965be871d0cf       5011 lua/socket.lua
3f535a8f439f6e527418       8465 lua/ssl.lua
c25be75b4ac69bd9f9f5       4322 lua/ssl/https.lua
544c217710bcc7d23377        829 lua/strict.lua
2fa7dd5f9dd3be7fa0e2        426 lua/string_indexing.lua
3d2a39624dc86a5ca673       1349 lua/stylestring.lua
70c58987bf5ae00ba7c6      11651 lua/tabbed_window.lua
2eac1112f584ab6890b5       1671 lua/telnet_options.lua
0d53b8a6be9ce00ff3a2      29986 lua/text_rect.lua
a2b95abc6aa71846832f       1003 lua/tprint.lua
fc116a47005e8b1a9c7e       1239 lua/var.lua
60785e545d3bde763a32       6794 lua/wait.lua
5a993a65a18a2809a9c6       9672 lua/words_to_numbers.lua
330a4856e16dbdfea285       7168 lua5.1.dll
a499167c8b820f60834c     628224 lua51.dll
35b8e1ed2e490806dc43      15374 mime/core.dll
b60a829e530428a01da8      41633 mushclient.cnt
d3aea9f05507d8dcc974    3833344 MUSHclient.exe
4901dd621ffb1eb9591e    1953148 MUSHCLIENT.HLP
5ce23e7cf996e1032121       3262 mushclient.ico
503c8dec0ed5750a0eb5       2069 MUSHclient.ini
7adf098aba7324ddab39       3917 mushclient_readme.txt
23353e135db4dec21c9e        951 names.txt
1b542dd4eb3c1e923224       1283 names/ALBION.NAM
8cd9b94e9ab300bc7da7       1068 names/albion1.nam
5e64bee51838c8f415e5       1298 names/albion2.nam
c35b7fe41ad8731a1359        979 names/ALVER.NAM
9e1fed44c8ed407649ff        988 names/ALVER1.NAM
dff673c5ab7f28d7caa2        993 names/ALVER2.NAM
68e8353a7c62c81e433c        886 names/DEVERRY1.NAM
12da67fcf9fb8d3532fc        862 names/DEVERRY2.NAM
32c8f33430b7cefeee14        280 names/Dragonl1.nam
383ff050019a0c143ccd        870 names/DVARGAR.NAM
383ff050019a0c143ccd        870 names/dvargar1.nam
12da67fcf9fb8d3532fc        862 names/dvargar2.nam
41ef9771975e16c8ee4a        896 names/Felana.nam
354751c71b7c173dae9e       1229 names/f_female.nam
d802784adb068cf08a9c       1359 names/f_male.nam
ccf28d46c6003783baa4        958 names/GALLER.NAM
68e8353a7c62c81e433c        886 names/gnome1.nam
12da67fcf9fb8d3532fc        862 names/gnome2.nam
67ee83a74f5bfb492480        810 names/HOBER.NAM
42f85cbd1397ee54893a        797 names/hober1.nam
12da67fcf9fb8d3532fc        862 names/hober2.nam
5e64bee51838c8f415e5       1298 names/kender1.nam
ccbef973dbcb1b001e6d       1235 names/kender2.nam
2d87dd4a224da908f456       1141 names/kerrel.nam
a3df23b2d79aa32f11c7        900 names/orc.nam
ee22f1852b1541dcad6a        834 names/ORC1.NAM
b3a64913946a8619d401       1167 names/ORC2.NAM
2ef99212d2be7013a90e        875 names/sparhawk.nam
a0d193883dcfbeae6e69     132608 nvdaControllerClient32.dll
41c1f5df5997e798fcfb     153600 nvdaControllerClient64.dll
282f480523237c809c66    1514496 openssl.dll
206ab056f7f5619a1d70      77792 SAAPI32.dll
5e7256de486fa91f5fd7      85984 SAAPI64.dll
830975a758b55e82671e     112640 screen_reader_dlls/x64/Tolk.dll
3cb5a31ebf8587b99d56      90624 screen_reader_dlls/x86/Tolk.dll
0d759a137a901f535edf      41228 scripts/MUSHclient.tlb
28afe4de2b3e48ed29a5      55310 socket/core.dll
05eae0f1477cc17a580c       9243 socket/ftp.lua
aecff8c2d99d77a64732       3698 socket/headers.lua
9bdf0c2b37f1941e4a65      12330 socket/http.lua
55bdeff392dffc381b14       8074 socket/smtp.lua
9faacdfcde3167ab4260       3612 socket/tp.lua
7290952cba25a671e043      11036 socket/url.lua
a0aad79b0fd9155149f5      64908 sounds/aarch_prof.wav
f3c61b9c938d4cb41766      90114 sounds/answer.wav
f430d5b9475426fbf2b1     101654 sounds/auction.wav
d52e584367cd9572af68      29948 sounds/barter.wav
3f8f35a7bd18fb09d972    2651619 sounds/battle/Fighting-FF7.mp3
63f184dfd7cd618f778c   29210288 sounds/battle/Fighting-FF7.wav
bb4049a5b627cfa7230a   37297338 sounds/battle/Still Fighting - FF7.wav
a86c0aa917a2c9c3a21b      16142 sounds/beep-01.wav
bb36ba4df6e4f0a8b2c4     241940 sounds/bonus_item.wav
dd17f34b119648e81253     469548 sounds/cackle.wav
3df73b46988bd61d78e3      28366 sounds/channel_off.wav
6716dd7734e058f65d59      23182 sounds/channel_on.wav
23ab833921e8e4fc9f83      68846 sounds/claninfo.wav
72fe53e4e6c2f63c11b1     142670 sounds/clantalk.wav
bfef3cd6ab7ce371cf4f       7644 sounds/cleave.wav
3502b9fef10f5daaaa57      56114 sounds/correct_quest_mob.wav
dcb311edcc9140adbabb      31960 sounds/cp_mob_dead.wav
9f946feb9ed61e996a51     352878 sounds/curse.wav
71c9155f13ff5f9908ad      27510 sounds/death.mp3
d12d5bafbc0e87ec24d4     108366 sounds/death.wav
1bf1bd717985ffe4614c     178126 sounds/debate.wav
18503e04194bb5b22286      10624 sounds/demolishleap.wav
09e90bb25c57a24d20cf       7273 sounds/door.wav
dc4848a85f2226533a2b      94442 sounds/double_end.wav
914be2df949a0fab1949      94338 sounds/double_exp.wav
2af959501ba53e042420    2833431 sounds/entrancetohell.mp3
9eac816ce3c13dc75f47     309392 sounds/Equip.wav
5f75e4cb0518d35fa66a     155784 sounds/follow.wav
c4d3062d22f90cd5f1e8      94398 sounds/ftalk.wav
d8dab04ab5c05927faed     275042 sounds/gametalk.wav
ba44caecd69afea7870e     142754 sounds/gclan.wav
bb41616333fb8f041605      87410 sounds/global_quest.wav
f290bd809d222521bccf      80550 sounds/gossip.wav
11fa8f53cf802b752b9b      29778 sounds/gq_mob_dead.wav
c3d4d61721f04c30aaa4     291234 sounds/gq_win.wav
74014f4cf56cc24b3b58      18510 sounds/grats.wav
fe89e5db588b34b69f78      91570 sounds/group.wav
57de0a1fbb331fd30edb      50778 sounds/gsocial.wav
fe89e5db588b34b69f78      91570 sounds/gtell.wav
7347cb57b4b50220ef84     278174 sounds/helper.wav
80ac18bf3900284975e0      25094 sounds/immtalk.wav
270d32e715bc9b03517d      90234 sounds/info.wav
8b7a1c47be7111fe0e55       6462 sounds/Item.wav
cc6831675efe7e3cf743     301168 sounds/level_up.wav
0c990dfc62d8fe31720a     326686 sounds/level_up_sh.wav
7cf94187dd8e5ec8828f     101906 sounds/ltalk.wav
a903e206608fe0024887     382984 sounds/manor_doorbell.wav
e70bb9e379a84f0268ca      16108 sounds/market.wav
de48728ec42ea248e8b7      83402 sounds/music.wav
b790f14dcc767a03e383     329806 sounds/newbie.wav
ab3cb64b934cfcb2a7dd     227634 sounds/nobletalk.wav
944a72650e0c99585270     157920 sounds/personal_note.wav
46092708476a18cc5715     112970 sounds/pokerinfo.wav
4c79baa724b9246a1878      19233 sounds/Purchase.wav
a0692536a0f460caad22     132050 sounds/question.wav
0e26b2382315b439e937     316190 sounds/quest_complete.wav
e9ec14994aa5af797065     165898 sounds/quest_ready.wav
7acba96cdae7e8e4de17       7630 sounds/quest_start.wav
7a67f9ba811d92cea2d2      43492 sounds/quest_target_found.wav
3502b9fef10f5daaaa57      56114 sounds/quest_target_killed.wav
0f72bb93e0634c52a263     165966 sounds/quest_warning.wav
a93ba64b4196e154e581      15108 sounds/random.wav
1a76ee640a5a02bb5ff4      64102 sounds/rauction.wav
648dac5dd3fc4dbcb28f      69940 sounds/restore.wav
1db7c1c4c8111ab31623     105550 sounds/rottingsphere.wav
2bb2e3e194dd1c87f9f2      45134 sounds/sancfall.wav
32ca8f95f0a2404a64ba      72014 sounds/say.wav
f0c95d6eaf8d620fbd57     133790 sounds/scry.wav
1098ce242a3f8e0b2ba0    2507423 sounds/Sothstore.mp3
971402df68340746a9ba     451882 sounds/special_find.wav
80ad9aaf83787fe123c8     115488 sounds/spouse.wav
1888d86572941c39b0d5      56398 sounds/stop_follow.wav
a3e97c76d8c167af09e8      50924 sounds/tech.wav
f52a9607311a6ccbb2b3      49230 sounds/tell.wav
3f390a935143d482c986      37796 sounds/tiertalk.wav
cf09ddf88534be1d0b84    1916340 sounds/uw_ruins.mp3
8cffff16f94cd2d93a50       4067 sounds/Walk.wav
efcde3cc72caf94792c4       5812 sounds/wangrp.wav
0f89fcce2350cbb022a2      78290 sounds/warfare.wav
fdc2776110c74fac25e9      28908 sounds/whisper.wav
e19736755e4c94265144     101454 sounds/yell.wav
da8ce81b01a551a92796      86094 sounds/zone_repop.wav
3113d2906bfa25e0e743        555 spell/american-words.10
caa5b278ba4d34c9812d       2245 spell/american-words.20
7fa20505758999e5beae        107 spell/english-contractions.10
dc06aaad9ac66ea3e73a         35 spell/english-contractions.35
7d9ca00531faf35eb757        218 spell/english-upper.10
86bce1b68d4ca9541868       1842 spell/english-upper.35
6e52d15e83e7087d086d       4851 spell/english-upper.40
fe94a8ddc8ee4a2b331b      45094 spell/english-words.10
c9f2aa179cf918bed7c3      86702 spell/english-words.20
95306501bbfd07c7b348     356209 spell/english-words.35
e869b0bdc098f488ce89      66263 spell/english-words.40
a1dd3d57659274dfc5eb      12183 spellchecker.lua
eecc099c06cadc12e389       9128 tips.txt
fd0af04ccd7df765683a     581078 Vivi-Aeon.xml
58ba3da139620fa14e46      17408 worlds/audio.dll
cf902e6746fa50392119       8190 worlds/constants.lua
ba368a74ecbd09891c90      17458 worlds/plugins/aardwolf_colors.lua
13722313041690d8ef38       3151 worlds/plugins/aard_Copy_Colour_Codes.xml
749ba8d33c56c409c3ee       7309 worlds/plugins/aard_GMCP_handler.xml
e7d6aa311adb55131953       3625 worlds/plugins/aard_help.xml
90f4232c63064f38653c      14267 worlds/plugins/aard_inventory_serials.xml
154ccc095f346cd3edef       3383 worlds/plugins/aard_miniwindow_z_order_monitor.xml
d06fbc3f67953f04b395       1642 worlds/plugins/aard_repaint_buffer.xml
7b4af1ff1d46e7c3e2bb       8054 worlds/plugins/alteraeonmultibar.xml
2e0175bed7b5d973d5e7      29882 worlds/plugins/AlterMapper1.3.xml
19402915ef20311730d2       1590 worlds/plugins/Automatic_Backup.xml
43ea93c48bea037efa40       7352 worlds/plugins/changelog/DemonMUSH v2.51 changelog.txt
1d1d006f31307184f96e      12395 worlds/plugins/chat_echo.xml
4a133d063d3efabc39e5       9936 worlds/plugins/Config_Option_Changer.xml
4de9aeb0b4ea4c72a3a3       8683 worlds/plugins/constants.js
cf902e6746fa50392119       8190 worlds/plugins/constants.lua
06befaba11604128e7e2       8548 worlds/plugins/constants.pl
c7801f16537f6b0d66ef       7941 worlds/plugins/constants.pys
55135e24d395f181b125       8682 worlds/plugins/constants.vbs
4bcc0a84ef2397e6dc30       6764 worlds/plugins/DemonAeon.xml
0d8b4e9dbeb8ca536b1e      34690 worlds/plugins/demonchat.xml
cdf40e28287d83f70ca3       8879 worlds/plugins/Demoncommcatcher.xml
0df027c27a76ef257ed6      19209 worlds/plugins/demonlayout.xml
f193f97ab70f6146c4af      23181 worlds/plugins/DemonLord Chat.xml
7869110922e86f995782      14872 worlds/plugins/DemonMUSH Big Gauge.xml
553b4d44ae13567142a0      12396 worlds/plugins/DemonMUSH Chat Echo.xml
27b358880aa419c0f7e2      34790 worlds/plugins/DemonMUSH Chat Window.xml
32f095eae636dc6f0219      14056 worlds/plugins/DemonMUSH Communication Catcher.xml
bcf64192d7cac0fec445      17931 worlds/plugins/DemonMUSH Exp Tracker.xml
274f795d7f5f540cec48      22411 worlds/plugins/DemonMUSH Group Monitor.xml
f496f15b3d53cf151295       6859 worlds/plugins/DemonMUSH Instance Handler.xml
b9d2c31cf0d0718af87a      22144 worlds/plugins/DemonMUSH KXWT Handler.xml
349093302b4862701dfd      19208 worlds/plugins/DemonMUSH Main Layout.xml
7987686cab5e7ee51c47      47146 worlds/plugins/DemonMUSH Mapper v1.53.xml
f1617fb72f57a8cb9a7d       3689 worlds/plugins/DemonMUSH Mobkill Counter.xml
f58094501dbf3c68aab3      22055 worlds/plugins/DemonMUSH Utility Window.xml
68ab283152896e72f95a       4938 worlds/plugins/DemonMUSH_Auction.xml
6dbebfc6c4f075a218c4       2011 worlds/plugins/DemonMUSH_Theme_Controller.xml
312ba4630ec944d60a65      42756 worlds/plugins/DemonMUSH_Waypoints.xml
7965f94f921c2d48b9ab       1824 worlds/plugins/Fighting_Sounds.xml
682f08b4be4724ec7274       9132 worlds/plugins/Hyperlink_URL2.xml
5c5d09ce45ba2bfe2194      28016 worlds/plugins/images/aardbg13.png
07a243a11e4931791c34      24355 worlds/plugins/images/aardbg8.png
f51f2739ec6a20201366       3128 worlds/plugins/images/alchemyguild.bmp
901d291664476455c9b0     147467 worlds/plugins/images/ancientpurple.png
e813f631a4bf5ac498a2       3128 worlds/plugins/images/bank.bmp
9beb85a029118cbe10ea       3128 worlds/plugins/images/beach.bmp
bed1ae09c776ac95e0db      12458 worlds/plugins/images/bg1.png
975661743419817a1a4b       7870 worlds/plugins/images/bg2.png
002e5a7cf7c4cd4a33fe      11376 worlds/plugins/images/bg4.png
2224e4f3ddffa5ef918c      15021 worlds/plugins/images/bg5.png
3f21e005d7a33786794a       3128 worlds/plugins/images/building.bmp
4ccfbd21f91444d2ad44       3128 worlds/plugins/images/cave.bmp
2842e515045d7a1eca02      10448 worlds/plugins/images/chess1.png
5e0d70583a71208ba370       3128 worlds/plugins/images/city.bmp
664048b974ad8635dc04       3128 worlds/plugins/images/clerictrainer.bmp
a18cf9cf7ae892f1b061      12288 worlds/plugins/images/cloud.png
c4c13bad471de51b081a       8493 worlds/plugins/images/cobble2.png
e63f26c33d72b1de9807       3128 worlds/plugins/images/darkforest.bmp
87c039dc5b2632cee2e2       8350 worlds/plugins/images/darkrock.png
94727fb5951e884523e8      12461 worlds/plugins/images/darkstone.png
5c5d09ce45ba2bfe2194      28016 worlds/plugins/images/default.png
e779a67612d772eb2da1       2058 worlds/plugins/images/DemonDragonIcon.png
e44c69ae7d9fa1c30271       3128 worlds/plugins/images/desert.bmp
44c3b15447193a690492      17119 worlds/plugins/images/dirt.png
f611c2a6066918e74088      15386 worlds/plugins/images/dirt2.png
c08f1e0d64b54c589d3b      17018 worlds/plugins/images/dirtgrass.png
8d443510cf53ba266069       4609 worlds/plugins/images/dragon1.png
911eadab88dd92602563       3128 worlds/plugins/images/druidtrainer.bmp
8dee480e554edffba0d8       3128 worlds/plugins/images/field.bmp
5e8aea39bde3f0cc7252      10352 worlds/plugins/images/fire1.png
6061c11931685b81192e      15864 worlds/plugins/images/forest.png
c3e1df2d641f2dd2955e      10244 worlds/plugins/images/forest2.png
c3e1df2d641f2dd2955e      10244 worlds/plugins/images/forest3.png
8c128a55db39c9fb70e9      19756 worlds/plugins/images/grass.png
1aab1eea266c59b39bfd      17018 worlds/plugins/images/grass1.png
f111b790213cbcd4e8f9      10971 worlds/plugins/images/grass2.png
468c5320b4fde2f4dab9      17220 worlds/plugins/images/grass3.png
79096fbb4ebb8443a446      15447 worlds/plugins/images/grass4.png
670767656b0bb8a22c37      16229 worlds/plugins/images/hell.png
6f3e699ecd564610a66b      15831 worlds/plugins/images/hell2.png
1afa006f535a5a39a0e3       3128 worlds/plugins/images/hill.bmp
967765176ed1f90f8be1       3128 worlds/plugins/images/lightforest.bmp
2605b2263dcbaf990f49       3128 worlds/plugins/images/magetrainer.bmp
ee856e4781d632f97499       3128 worlds/plugins/images/mountain.bmp
52ac70d61c453325d07d       3128 worlds/plugins/images/necromancertrainer.bmp
2cd0755e4d2765044377       4036 worlds/plugins/images/necromancertrainer.png
3fcd21e9e277518a4ae2       3128 worlds/plugins/images/ocean.bmp
e870e67b9bba15af5028      15284 worlds/plugins/images/ocean1.png
a95c632822961764b426      16690 worlds/plugins/images/ocean2.png
76d9a87b0d393df13b28      16680 worlds/plugins/images/ocean3.png
309d08568a6327268a1f      16800 worlds/plugins/images/ocean4.png
34cb0a7704633a7f3ed4       3128 worlds/plugins/images/priest.bmp
5480e826ca83fe49f161       3128 worlds/plugins/images/rangertrainer.bmp
8a5a40b65064ca64d0bb       3128 worlds/plugins/images/rock.bmp
50b2ce18b2289c0e28d0      15922 worlds/plugins/images/rocky.png
ef0da70314818508922a      16188 worlds/plugins/images/rocky2.png
fd4479ffca952be8752b       6792 worlds/plugins/images/rocky3.png
376d40428c043f3dc546       9015 worlds/plugins/images/sand.png
83eac334e4f2b78d3d52       3128 worlds/plugins/images/sandy.bmp
44e19ca4ade102a3fe58      16296 worlds/plugins/images/smallwolf.png
a4ec0dd528cfc6900939      10778 worlds/plugins/images/snow.png
0b476159f58c4bd5b23c      12054 worlds/plugins/images/snow2.png
68faf1cba12f96d69550      15820 worlds/plugins/images/snow3.png
8e4c869beb23a17a2886       4699 worlds/plugins/images/space2.png
b7fb9dc4be9f24422a18      17352 worlds/plugins/images/sparse.png
774e7332858b87ec2af7        483 worlds/plugins/images/sprite_020.png
b74fbb9085d1b2bdf63c      17013 worlds/plugins/images/stone.png
3b056c774a31d4185269      15996 worlds/plugins/images/stones.png
d45dbcc2fcf9ce1ec623       3128 worlds/plugins/images/stream.bmp
9fb550345fb02934ebbc       3128 worlds/plugins/images/swamp.bmp
fd39b19acf904ebdc337       6377 worlds/plugins/images/temple.png
1e5a11647f6829962fe9      11810 worlds/plugins/images/temp_theme_blend.png
0fcdf2ef68bf6c0b10f8      16933 worlds/plugins/images/test.png
8a086dbcac52798380c4      13249 worlds/plugins/images/test3.png
db6e9ae3df4827320301      17114 worlds/plugins/images/test4.png
39bce84c9661317b7c01       1249 worlds/plugins/images/test5.png
5e43b96f5772c90cfb68       3128 worlds/plugins/images/thickforest.bmp
6eb6f7ea8428b3027417       3128 worlds/plugins/images/thieftrainer.bmp
e9624e88f5e904300427       1658 worlds/plugins/images/tile1.png
4bbb891f65eb283e7ece       8125 worlds/plugins/images/tile2.png
6178c91e74f7c05cb646       3128 worlds/plugins/images/town.bmp
5466981cec51f72c13ae       3128 worlds/plugins/images/warriortrainer.bmp
69e76045d88e61595bb7       3128 worlds/plugins/images/wasteland.bmp
d5e9959d128d3b33d178       3128 worlds/plugins/images/water.bmp
8644aec068ed3b9272e2       3128 worlds/plugins/images/waypoint.bmp
688527896af272f77dfc       3126 worlds/plugins/images/waypoint2.bmp
e9624e88f5e904300427       1658 worlds/plugins/images/waypoint2.png
ce7c4a453d9df4beb360       9564 worlds/plugins/images/wood.png
28e4137b59968891ec89       4602 worlds/plugins/images/wood1.png
83dc8cd1f67a4077b0b0       7809 worlds/plugins/LuaAudio.xml
bdc4a1da212bfb7518a2      16302 worlds/plugins/MUSHclient_Help.xml
2e0175bed7b5d973d5e7      29882 worlds/plugins/Obsolete/AlterMapper1.3.xml
625382d455f7ea185294      34869 worlds/plugins/Obsolete/AlterMapper1.44.xml
60aa491386690f474771        769 worlds/plugins/Omit_Blank_Lines.xml
aacad1dbb4541a491314       2368 worlds/plugins/Play_Random_Sound.xml
6e62833d6fa932f1e29b       2439 worlds/plugins/plugin_list.xml
ea1618e68a5e30622568       1695 worlds/plugins/plugin_summary.xml
b1de0218e5ee292ada23       1456 worlds/plugins/README_command_output_plugin.txt
cf1d87eb0c45f8a40d9a       8310 worlds/plugins/SAPI.xml
7b814a99cc7ff9195ec8       1751 worlds/plugins/telnet_options.lua
acc2433cd100357d5e9c      13078 worlds/plugins/universal_text_to_speech.xml
c1c5e3b3a6c60ba28178      50890 worlds/plugins/unusedsoundpack.xml
